mode: set
chapter1/internal/features/users/service/service.go:18.145,25.2 1 1
chapter1/internal/features/users/service/service.go:27.90,31.16 2 1
chapter1/internal/features/users/service/service.go:31.16,34.3 2 1
chapter1/internal/features/users/service/service.go:36.2,37.16 2 1
chapter1/internal/features/users/service/service.go:37.16,40.3 2 1
chapter1/internal/features/users/service/service.go:42.2,43.16 2 1
chapter1/internal/features/users/service/service.go:43.16,46.3 2 1
chapter1/internal/features/users/service/service.go:48.2,48.27 1 1
chapter1/internal/features/users/service/service.go:51.98,54.16 2 1
chapter1/internal/features/users/service/service.go:54.16,57.3 2 1
chapter1/internal/features/users/service/service.go:59.2,63.16 4 1
chapter1/internal/features/users/service/service.go:63.16,66.3 2 1
chapter1/internal/features/users/service/service.go:67.2,70.16 3 1
chapter1/internal/features/users/service/service.go:70.16,73.3 2 1
chapter1/internal/features/users/service/service.go:75.2,75.12 1 1
chapter1/internal/features/users/service/service.go:78.116,80.32 1 1
chapter1/internal/features/users/service/service.go:80.32,82.17 2 1
chapter1/internal/features/users/service/service.go:82.17,85.4 2 1
chapter1/internal/features/users/service/service.go:87.3,87.46 1 1
chapter1/internal/features/users/service/service.go:90.2,91.16 2 1
chapter1/internal/features/users/service/service.go:91.16,94.3 2 1
chapter1/internal/features/users/service/service.go:95.2,98.16 3 1
chapter1/internal/features/users/service/service.go:98.16,101.3 2 1
chapter1/internal/features/users/service/service.go:102.2,102.12 1 1
chapter1/internal/features/users/service/service.go:105.70,107.28 2 1
chapter1/internal/features/users/service/service.go:107.28,110.3 2 1
chapter1/internal/features/users/service/service.go:112.2,113.16 2 1
chapter1/internal/features/users/service/service.go:113.16,116.3 2 1
chapter1/internal/features/users/service/service.go:118.2,118.12 1 1
chapter1/internal/features/users/service/service.go:121.70,123.16 2 1
chapter1/internal/features/users/service/service.go:123.16,126.3 2 1
chapter1/internal/features/users/service/service.go:128.2,128.18 1 1
chapter1/internal/features/users/service/service.go:131.113,133.28 2 1
chapter1/internal/features/users/service/service.go:133.28,136.3 2 1
chapter1/internal/features/users/service/service.go:138.2,140.16 2 1
chapter1/internal/features/users/service/service.go:140.16,143.3 2 1
chapter1/internal/features/users/service/service.go:145.2,145.31 1 1
